C51 COMPILER V9.60.0.0   MAIN                                                              06/13/2022 14:10:35 PAGE 1   


C51 COMPILER V9.60.0.0, COMPILATION OF MODULE MAIN
OBJECT MODULE PLACED IN .\Objects\main.obj
COMPILER INVOKED BY: C:\Keil_v5\C51\BIN\C51.EXE user\src\main.c OPTIMIZE(0,SPEED) BROWSE INCDIR(.\include;.\user\inc) DE
                    -BUG OBJECTEXTEND PRINT(.\Listings\main.lst) OBJECT(.\Objects\main.obj)

line level    source

   1          #include "gpio.h" 
   2          #include "timer.h"
   3          #include "uart.h"
   4          #include "IAP_flash.h"
   5          #include "spi.h"  
   6          #include "ML7345.h"
   7          #include "adc.h"
   8          #include "key_and_Other.h"
   9          #include <Stdio.h>  // for printf
  10          //ID 00000001
  11          //xdata u8 g_txBuffer1[12] = {0x95,0x55,0x55,0x55,0x55,0x55,0x56,0x55,0x95,0x55,0x56,0x55};//open
  12          //xdata u8 g_txBuffer2[12] = {0x95,0x55,0x55,0x55,0x55,0x55,0x59,0x55,0x95,0x55,0x59,0x55};//stop   /* RF 
             -Tx buffer */
  13          //xdata u8 g_txBuffer3[12] = {0x95,0x55,0x55,0x55,0x55,0x55,0x65,0x55,0x95,0x55,0x65,0x55}; //close
  14          //xdata u8 sw = 0;
  15          
  16          void main()
  17          {
  18   1          Init_WDT();
  19   1          Init_Clock();
  20   1          Init_IAP_flash();
  21   1          Init_Timer0(); 
  22   1          eeprom_sys_load();
  23   1          Init_Port();
  24   1          Init_Spi();
  25   1          Init_Adc();
  26   1          _Init_RAM();
  27   1          Init_Beep();
  28   1          test_mode_control();
  29   1          Init_Interrupt();
  30   1          INT_EnAll(); 
  31   1          Adc_Start();
  32   1          TIME_power_on_AD = 30;
  33   1              
  34   1          while(1) 
  35   1          {
  36   2              ClearWDT();
  37   2              ADC_Inquire();        
  38   2              key_check();
  39   2              time_control(); 
  40   2              AD_control();
  41   2      
  42   2              //if((TB_5s==0)&&(m_KeyOptSetMode==0)&&(m_KeyDupli1stTimer==0)&&(FG_PWRON==1)){
  43   2              if((TB_5s==0)&&(m_KeyOptSetMode==0)&&(FG_PWRON==1)&&(key_Value!=2)&&(FLAG_APP_TX==0))//2015.4.13ÐÞ
             -Õý
  44   2              {  
  45   3                  FG_PWRON=0;
  46   3                  PIN_POWER_CONTROL=0;
  47   3                  FG_10s=1;    // 2015.1.31ÐÞÕý3
  48   3                /*******************2015.1.31ÐÞÕý2************************/
  49   3                  while(1){
  50   4                     if(FG_Complex_Single_shot==1)ClearWDT(); // Service the WDT
  51   4                      else if((FG_Complex_Single_shot==0)&&(m_KeyNo>=1)&&(m_KeyNo<=4)){
  52   5                          key_check();
C51 COMPILER V9.60.0.0   MAIN                                                              06/13/2022 14:10:35 PAGE 2   

  53   5                          ClearWDT(); // Service the WDT
  54   5                      }
  55   4                  }
  56   3              }
  57   2          }
  58   1      }
  59          
  60          


MODULE INFORMATION:   STATIC OVERLAYABLE
   CODE SIZE        =    262    ----
   CONSTANT SIZE    =   ----    ----
   XDATA SIZE       =   ----    ----
   PDATA SIZE       =   ----    ----
   DATA SIZE        =   ----    ----
   IDATA SIZE       =   ----    ----
   BIT SIZE         =   ----    ----
END OF MODULE INFORMATION.


C51 COMPILATION COMPLETE.  0 WARNING(S),  0 ERROR(S)
