C51 COMPILER V9.60.0.0   ML7345_HAL                                                        03/28/2022 17:38:20 PAGE 1   


C51 COMPILER V9.60.0.0, COMPILATION OF MODULE ML7345_HAL
OBJECT MODULE PLACED IN .\Objects\ML7345_HAL.obj
COMPILER INVOKED BY: C:\Keil_v5\C51\BIN\C51.EXE user\src\ML7345_HAL.c OPTIMIZE(0,SPEED) BROWSE INCDIR(.\include;.\user\i
                    -nc) DEBUG OBJECTEXTEND PRINT(.\Listings\ML7345_HAL.lst) OBJECT(.\Objects\ML7345_HAL.obj)

line level    source

   1          #include "ML7345_HAL.h"
   2          
   3          
   4          /*
   5          Function: RF auto status transition control
   6          Parameter: AUTO_TX_EN,AUTO_TXDONE_GORX,AUTO_TXDONE_CONTINUE_RX
   7          Return: Null
   8          */
   9          
  10          void ML7345_AutoStateTransition_Set(u8 sta)
  11          {
  12   1          ML7345_Write_Reg(ADDR_BANK_SEL,BANK0_SEL);  //set bank0
  13   1          if(sta == AUTO_TX_EN || sta == AUTO_TXDONE_GORX || sta == AUTO_TXDONE_CONTINUE_RX)
  14   1              ML7345_Write_Reg(ADDR_RF_STATUS_CTRL,sta);
  15   1      }
  16          
  17          
  18          /*
  19          Function: RF state setting and status indication
  20          Parameter: TX_ON,RX_ON,TRX_OFF, Force_TRX_OFF
  21          Return: RF status
  22          
  23          Description: RF_STATUS Register é«˜4ä½æŒ‡ç¤ºRFçŠ¶æ€ï¼Œä½Žå››ä½è®¾ç½®RFçŠ¶æ€
  24          *1 During TX operation, setting RX_ON is possible.
  25          In this case, after TX completion, move to RX_ON state automatically.
  26          *2 During RX operation, setting TX_ON is possible.
  27          In this case, after RX completion, move to TX_ON state automatically.
  28          *3 If TRX_OFF is selected during TX or RX operation, after TX or RX operation completed, RF is turned off.
  29          If Force_TRX_OFF is selected during TX or RX operation, RF is turned off immediately
  30          */
  31          u8 ML7345_SetAndGet_State(RF_StatusSet_ENUM sta)
  32          {
  33   1          xdata u8 status = 0;
  34   1      
  35   1          ML7345_Write_Reg(ADDR_BANK_SEL,BANK0_SEL);  //set bank0
  36   1          status = ML7345_Read_Reg(ADDR_RF_STATUS) >> 4;
  37   1          if(status != sta)
  38   1          {
  39   2              if(sta == TX_ON || sta == RX_ON || sta == TRX_OFF || sta == Force_TRX_OFF)
  40   2              {
  41   3                  ML7345_Write_Reg(ADDR_RF_STATUS,sta);
  42   3                  status = WaitStatus_Complete();
  43   3                  if(status != 0 && sta != Force_TRX_OFF)
  44   3                  {
  45   4                      ML7345_Frequency_Calcul(PROFILE_CH_FREQ_32bit_200002EC,Freq_SetBuff);
  46   4                      ClearWDT();
  47   4                      if(PROFILE_CH_FREQ_32bit_200002EC < 429000000)  RF_ML7345_Init(Freq_SetBuff,0x55,12);
  48   4                      else    RF_ML7345_Init(Freq_SetBuff,0x55,28);
  49   4                      ClearWDT();
  50   4                      ML7345_Write_Reg(ADDR_RF_STATUS,sta);
  51   4                      WaitStatus_Complete();
  52   4                  }
  53   3                  status = ML7345_Read_Reg(ADDR_RF_STATUS) >> 4;
  54   3              }
C51 COMPILER V9.60.0.0   ML7345_HAL                                                        03/28/2022 17:38:20 PAGE 2   

  55   2          }
  56   1          return status;
  57   1      }
  58          
  59          /* ç­‰å¾…RFçŠ¶æ€è½¬æ¢å®Œæˆ */
  60          u8 WaitStatus_Complete(void)
  61          {
  62   1          xdata u16 count = 0;
  63   1          ML7345_Write_Reg(ADDR_BANK_SEL,BANK0_SEL);  //set bank0
  64   1          while(1)
  65   1          {
  66   2              if(ML7345_Read_Reg(ADDR_INT_SOURCE_GRP1) & 0x08)
  67   2              {
  68   3                  ML7345_Write_Reg(ADDR_INT_SOURCE_GRP1,0x00); //clear
  69   3                  return 0;
  70   3              }
  71   2              if(count++ > 5000)    return 1;
  72   2              ClearWDT();
  73   2          }
  74   1      }
  75          
  76          /*
  77          Function:State clear control
  78          Parameter: TX_FIFO_POINTER,RX_FIFO_POINTER,PHY_STATE
  79          Return: Null
  80          */
  81          void ML7345_StateFlag_Clear(u8 sta)
  82          {
  83   1          ML7345_Write_Reg(ADDR_BANK_SEL,BANK0_SEL);  //set bank0
  84   1          if(sta == TX_DONE_FLAG)
  85   1          {
  86   2              ML7345_Write_Reg(ADDR_INT_SOURCE_GRP3,0x00);
  87   2              ML7345_Write_Reg(ADDR_STATE_CLR,TX_FIFO_POINTER);
  88   2          }
  89   1          else if(sta == RX_DONE_FLAG)
  90   1          {
  91   2              ML7345_Write_Reg(ADDR_INT_SOURCE_GRP2,0x00);
  92   2              ML7345_Write_Reg(ADDR_STATE_CLR,RX_FIFO_POINTER);
  93   2          }
  94   1      }
  95          /*
  96          Function:Interrupt Status Clear for INT0 to INT23
  97          Parameter: Null
  98          Return: Null
  99          */
 100          
 101          void ML7345_AllStateFlag_Clear(void)
 102          {
 103   1          ML7345_Write_Reg(ADDR_BANK_SEL,BANK0_SEL);  //set bank0
 104   1          ML7345_Write_Reg(ADDR_INT_SOURCE_GRP1,0x00);
 105   1          ML7345_Write_Reg(ADDR_INT_SOURCE_GRP2,0x00);
 106   1          ML7345_Write_Reg(ADDR_INT_SOURCE_GRP3,0x00);
 107   1      }
 108          
 109          
 110          /*
 111          Function:Data rate set
 112          Parameter: DATA_RATE_1_2K,DATA_RATE_2_4K,DATA_RATE_4_8K,DATA_RATE_9_6K
 113          Return: Null
 114          */
 115          void ML7345_DataRate_Set_4_8k(void)//(DataRate_ENUM rate)
 116          {
C51 COMPILER V9.60.0.0   ML7345_HAL                                                        03/28/2022 17:38:20 PAGE 3   

 117   1          ML7345_Write_Reg(ADDR_BANK_SEL,BANK0_SEL);
 118   1          ML7345_Write_Reg(0x06,0x22);
 119   1          ML7345_Write_Reg(0x07,0x15);
 120   1          ML7345_Write_Reg(0x66,0x1E);
 121   1          ML7345_Write_Reg(ADDR_BANK_SEL,BANK1_SEL);
 122   1          ML7345_Write_Reg(0x0C,0x93);
 123   1          ML7345_Write_Reg(0x0D,0x35);
 124   1          ML7345_Write_Reg(0x11,0x27);
 125   1          ML7345_Write_Reg(0x13,0x0C);
 126   1          ML7345_Write_Reg(0x2F,0x08);
 127   1          ML7345_Write_Reg(0x56,0x50);
 128   1          ML7345_Write_Reg(0x57,0x40);
 129   1          ML7345_Write_Reg(0x58,0x01);
 130   1          ML7345_Write_Reg(0x59,0x14);
 131   1          ML7345_Write_Reg(0x5A,0x00);
 132   1          ML7345_Write_Reg(0x5B,0x00);
 133   1          ML7345_Write_Reg(0x5C,0x15);
 134   1          ML7345_Write_Reg(0x5D,0x0D);
 135   1          ML7345_Write_Reg(0x5E,0x05);
 136   1          ML7345_Write_Reg(0x5F,0x67);
 137   1          ML7345_Write_Reg(0x60,0x09);
 138   1          ML7345_Write_Reg(ADDR_BANK_SEL,BANK3_SEL);
 139   1          ML7345_Write_Reg(0x0C,0x41);
 140   1          ML7345_Write_Reg(0x0D,0x33);
 141   1          ML7345_Write_Reg(0x0E,0x54);
 142   1          ML7345_Write_Reg(0x14,0x10);
 143   1          ML7345_Write_Reg(0x24,0x03);
 144   1          ML7345_Write_Reg(ADDR_BANK_SEL,BANK0_SEL);
 145   1      }
 146          
 147          void ML7345_DataRate_Set_1_2k(void)
 148          {
 149   1          ML7345_Write_Reg(ADDR_BANK_SEL,BANK0_SEL);
 150   1          ML7345_Write_Reg(0x06,0x00);
 151   1          ML7345_Write_Reg(0x66,0x1E);
 152   1          ML7345_Write_Reg(ADDR_BANK_SEL,BANK1_SEL);
 153   1          ML7345_Write_Reg(0x0C,0x93);
 154   1          ML7345_Write_Reg(0x0D,0x35);
 155   1          ML7345_Write_Reg(0x11,0x27);
 156   1          ML7345_Write_Reg(0x13,0x0C);
 157   1          ML7345_Write_Reg(0x2F,0x08);
 158   1          ML7345_Write_Reg(0x57,0x40);
 159   1          ML7345_Write_Reg(0x58,0x01);
 160   1          ML7345_Write_Reg(0x59,0x14);
 161   1          ML7345_Write_Reg(0x5A,0x00);
 162   1          ML7345_Write_Reg(0x5B,0x00);
 163   1          ML7345_Write_Reg(0x5C,0x15);
 164   1          ML7345_Write_Reg(0x5D,0x1B);
 165   1          ML7345_Write_Reg(0x5E,0x05);
 166   1          ML7345_Write_Reg(0x5F,0x67);
 167   1          ML7345_Write_Reg(0x60,0x0C);
 168   1          ML7345_Write_Reg(ADDR_BANK_SEL,BANK3_SEL);
 169   1          ML7345_Write_Reg(0x0C,0x41);
 170   1          ML7345_Write_Reg(0x0D,0x33);
 171   1          ML7345_Write_Reg(0x0E,0x54);
 172   1          ML7345_Write_Reg(0x14,0x10);
 173   1          ML7345_Write_Reg(0x24,0x03);
 174   1          ML7345_Write_Reg(ADDR_BANK_SEL,BANK0_SEL);
 175   1      }
 176          /*
 177          void ML7345_DataRate_Set_2_4k(void)//(DataRate_ENUM rate)
 178          {
C51 COMPILER V9.60.0.0   ML7345_HAL                                                        03/28/2022 17:38:20 PAGE 4   

 179              ML7345_Write_Reg(ADDR_BANK_SEL,BANK0_SEL);
 180              ML7345_Write_Reg(0x06,0x11);
 181              ML7345_Write_Reg(0x07,0x15);
 182              ML7345_Write_Reg(0x66,0x1E);
 183              ML7345_Write_Reg(ADDR_BANK_SEL,BANK1_SEL);
 184              ML7345_Write_Reg(0x0C,0x93);
 185              ML7345_Write_Reg(0x0D,0x35);
 186              ML7345_Write_Reg(0x11,0x27);
 187              ML7345_Write_Reg(0x13,0x0C);
 188              ML7345_Write_Reg(0x2F,0x08);
 189              ML7345_Write_Reg(0x56,0x50);
 190              ML7345_Write_Reg(0x57,0x40);
 191              ML7345_Write_Reg(0x58,0x01);
 192              ML7345_Write_Reg(0x59,0x14);
 193              ML7345_Write_Reg(0x5A,0x00);
 194              ML7345_Write_Reg(0x5B,0x00);
 195              ML7345_Write_Reg(0x5C,0x15);
 196              ML7345_Write_Reg(0x5D,0x0D);
 197              ML7345_Write_Reg(0x5E,0x05);
 198              ML7345_Write_Reg(0x5F,0x67);
 199              ML7345_Write_Reg(0x60,0x09);
 200              ML7345_Write_Reg(ADDR_BANK_SEL,BANK3_SEL);
 201              ML7345_Write_Reg(0x0C,0x41);
 202              ML7345_Write_Reg(0x0D,0x33);
 203              ML7345_Write_Reg(0x0E,0x54);
 204              ML7345_Write_Reg(0x14,0x10);
 205              ML7345_Write_Reg(0x24,0x03);
 206              ML7345_Write_Reg(ADDR_BANK_SEL,BANK0_SEL);
 207          }
 208          
 209          void ML7345_DataRate_Set_9_6k(void)//(DataRate_ENUM rate)
 210          {
 211              ML7345_Write_Reg(ADDR_BANK_SEL,BANK0_SEL);
 212              ML7345_Write_Reg(0x06,0x33);
 213              ML7345_Write_Reg(0x07,0x15);
 214              ML7345_Write_Reg(0x66,0x1E);
 215              ML7345_Write_Reg(ADDR_BANK_SEL,BANK1_SEL);
 216              ML7345_Write_Reg(0x0C,0x93);
 217              ML7345_Write_Reg(0x0D,0x35);
 218              ML7345_Write_Reg(0x11,0x27);
 219              ML7345_Write_Reg(0x13,0x0C);
 220              ML7345_Write_Reg(0x2F,0x08);
 221              ML7345_Write_Reg(0x56,0x50);
 222              ML7345_Write_Reg(0x57,0x04);
 223              ML7345_Write_Reg(0x58,0x01);
 224              ML7345_Write_Reg(0x59,0x14);
 225              ML7345_Write_Reg(0x5A,0x00);
 226              ML7345_Write_Reg(0x5B,0x00);
 227              ML7345_Write_Reg(0x5C,0x15);
 228              ML7345_Write_Reg(0x5D,0x0D);
 229              ML7345_Write_Reg(0x5E,0x04);
 230              ML7345_Write_Reg(0x5F,0x5D);
 231              ML7345_Write_Reg(0x60,0x0C);
 232              ML7345_Write_Reg(ADDR_BANK_SEL,BANK3_SEL);
 233              ML7345_Write_Reg(0x0C,0x41);
 234              ML7345_Write_Reg(0x0D,0x33);
 235              ML7345_Write_Reg(0x0E,0x54);
 236              ML7345_Write_Reg(0x14,0x10);
 237              ML7345_Write_Reg(0x24,0x03);
 238              ML7345_Write_Reg(ADDR_BANK_SEL,BANK0_SEL);
 239          }
 240          */
C51 COMPILER V9.60.0.0   ML7345_HAL                                                        03/28/2022 17:38:20 PAGE 5   

 241          
 242          /*
 243          Function: FIFO readout setting
 244          Parameter: 0:RX FIFO read when reading FIFO(ADDR_RD_FIFO); 1: TX FIFO read when reading FIFO(ADDR_RD_FIFO)
 245          Return: Null
 246          *//*
 247          void ML7345_FIFO_ReadOut_Set(u8 select)
 248          {
 249              ML7345_Write_Reg(ADDR_BANK_SEL,BANK0_SEL);
 250              if(select == 0x00)  ML7345_Write_Reg(ADDR_FIFO_SET,0x00);
 251              else if(select == 0x01) ML7345_Write_Reg(ADDR_FIFO_SET,0x01);
 252          }
 253          */
 254          
 255          /*
 256          Function: Get ED value
 257          Parameter: Null
 258          Return: ED value
 259          *//*
 260          u8 ML7345_RSSI_Val(void)
 261          {
 262              ML7345_Write_Reg(ADDR_BANK_SEL,BANK0_SEL);
 263              return ML7345_Read_Reg(ADDR_ED_RSLT);
 264          }
 265          */
 266          
 267          /*
 268          Function: Soft Reset
 269          Parameter: Null
 270          Return: Null
 271          *//*
 272          void ML7345_SoftReset(void)
 273          {
 274              ML7345_Write_Reg(ADDR_BANK_SEL,BANK0_SEL);
 275              ML7345_Write_Reg(ADDR_RST_SET,0xff);
 276          }*/
 277          
 278          /*
 279          Function: Hardware Reset
 280          Parameter: Null
 281          Return: Null
 282          */
 283          void ML7345_RESETN_SET(void)
 284          {
 285   1          ML7345_RESETN = 0;
 286   1          delay_ms(2); //çº¦2.2ms
 287   1          ML7345_RESETN = 1;
 288   1      }
 289          
 290          /*
 291          Function: Sleep Mode Set
 292          Parameter: Deep_Sleep,Sleep1_Mode,Sleep2_Mode
 293          Return: Null
 294          *//*
 295          void ML7345_GoSleep(SleepMode_ENUM mode)
 296          {
 297              switch(mode)
 298              {
 299                  case Deep_Sleep:
 300                      //RF_WORKE_MODE = 1;
 301                      break;
 302          
C51 COMPILER V9.60.0.0   ML7345_HAL                                                        03/28/2022 17:38:20 PAGE 6   

 303                  case Sleep1_Mode:
 304                      ML7345_Write_Reg(ADDR_BANK_SEL,BANK0_SEL); // Bank0 Set
 305                      ML7345_Write_Reg(ADDR_CLK_SET2,ML7345_Read_Reg(ADDR_CLK_SET2) & 0xF7);
 306                      ML7345_Write_Reg(ADDR_SLEEP_WU_SET,0x07);
 307                      break;
 308          
 309                  case Sleep2_Mode:
 310                      ML7345_Write_Reg(ADDR_BANK_SEL,BANK0_SEL); // Bank0 Set
 311                      ML7345_Write_Reg(ADDR_CLK_SET2,ML7345_Read_Reg(ADDR_CLK_SET2) | 0x08);
 312                      ML7345_Write_Reg(ADDR_SLEEP_WU_SET,0x37);
 313                      break;
 314          
 315                  default:
 316                      break;
 317              }
 318          }*/
 319          
 320          
 321          /*
 322          Function: Frequency Set
 323          Parameter: Frequency
 324          Return: Null
 325          */
 326          void ML7345_Frequency_Set(u8 *freq,u8 radio_type)
 327          {
 328   1          Flag_set_freq = 1;
 329   1          if(ML7345_SetAndGet_State(Get_Sta) != TRX_OFF)
 330   1              ML7345_SetAndGet_State(Force_TRX_OFF);
 331   1          ML7345_Write_Reg(ADDR_BANK_SEL,BANK1_SEL); /* Bank1 Set */
 332   1          ML7345_Write_Reg(ADDR_TXFREQ_I,freq[0]);
 333   1          ML7345_Write_Reg(ADDR_TXFREQ_FH,freq[1]);
 334   1          ML7345_Write_Reg(ADDR_TXFREQ_FM,freq[2]);
 335   1          ML7345_Write_Reg(ADDR_TXFREQ_FL,freq[3]);
 336   1          ML7345_Write_Reg(ADDR_RXFREQ_I,freq[0]);
 337   1          ML7345_Write_Reg(ADDR_RXFREQ_FH,freq[1]);
 338   1          ML7345_Write_Reg(ADDR_RXFREQ_FM,freq[2]);
 339   1          ML7345_Write_Reg(ADDR_RXFREQ_FL,freq[3]);
 340   1      
 341   1          ML7345_Write_Reg(ADDR_VCO_CAL_MIN_I,freq[4]);      //P107
 342   1          ML7345_Write_Reg(ADDR_VCO_CAL_MIN_FH,freq[5]);
 343   1          ML7345_Write_Reg(ADDR_VCO_CAL_MIN_FM,freq[6]);
 344   1          ML7345_Write_Reg(ADDR_VCO_CAL_MIN_FL,freq[7]);
 345   1      
 346   1          ML7345_Write_Reg(0x00,0x22);    /* Bank1 Set */
 347   1          ML7345_Write_Reg(0x25,0x08);    /* SyncWord length setting */
 348   1          ML7345_Write_Reg(0x2a,0x55);
 349   1      
 350   1          if(radio_type == 1) ML7345_DataRate_Set_1_2k();
 351   1          else if(radio_type == 2)  ML7345_DataRate_Set_4_8k();
 352   1      
 353   1          ML7345_Write_Reg(0x6f, 0x01);     /* VCO_CAL_START(CAL start) */
 354   1          while(1){
 355   2              if(ML7345_Read_Reg(0x0Du)&0x02u){   /* Wait VCO calibration completion */
 356   3                  break;
 357   3              }
 358   2          }
 359   1      
 360   1          ML7345_Write_Reg(ADDR_BANK_SEL,BANK0_SEL); /* Bank0 Set */
 361   1          Flag_set_freq = 0;
 362   1      }
 363          
 364          
C51 COMPILER V9.60.0.0   ML7345_HAL                                                        03/28/2022 17:38:20 PAGE 7   

 365          /*
 366          Function: ML7345 TX RX INT CONFIG
 367          Parameter: GpioCtrlAddr:GPIO ADDR; Intnum:Tx Done Interrupt or Rx Done Interrupt; Inten:1 Enable,0 Disable
 368          Return: Null
 369          */
 370          #if 0
              void ML7345_TRX_Int_Config(u8 GpioCtrlAddr,RF_TRX_ENUM Intnum,u8 Inten)
              {
                  ML7345_Write_Reg(ADDR_BANK_SEL,BANK0_SEL);    /* BANK 0 SEL*/
                  if(Inten)
                  {
                      ML7345_Write_Reg(GpioCtrlAddr,GPIO_INTOUTPUT_ENABLE);    /* GPIO ä¸­æ–­è¾“å‡º(SINTN) */
              
                      if(Intnum == RF_TxDone_Int)  ML7345_Write_Reg(ADDR_INT_EN_GRP3,0x01);    /* ä½¿èƒ½ä¸­æ–­äº‹ä»¶16,å
             -‘é€å®Œæˆä¸­æ–­ */
                      else if(Intnum == RF_RxDone_Int) ML7345_Write_Reg(ADDR_INT_EN_GRP2,0x21);/* 0x21:ä½¿èƒ½ä¸­æ–­äº‹ä»
             -¶8/13,æŽ¥æ”¶å®Œæˆä¸­æ–­/åŒæ­¥å­—æ£€æµ‹ä¸­æ–­;0x01:ä½¿èƒ½ä¸­æ–­äº‹ä»¶8,æŽ¥æ”¶å®Œæˆä¸­æ–­ */
                      //else if(Intnum == RF_RxDone_Int) ML7345_Write_Reg(ADDR_INT_EN_GRP2,0x01); //0x01:ä½¿èƒ½ä¸­æ–­äº‹
             -ä»¶8,æŽ¥æ”¶å®Œæˆä¸­æ–­
                  }
                  else
                  {
                      ML7345_Write_Reg(GpioCtrlAddr,GPIO_INTOUTPUT_DISABLE);    /* GPIO ç¦æ­¢ä¸­æ–­è¾“å‡º(SINTN) */
              
                      if(Intnum == RF_TxDone_Int)  ML7345_Write_Reg(ADDR_INT_EN_GRP3,0x00);    /* ç¦æ­¢ä¸­æ–­äº‹ä»¶16,å
             -‘é€å®Œæˆä¸­æ–­ */
                      else if(Intnum == RF_RxDone_Int) ML7345_Write_Reg(ADDR_INT_EN_GRP2,0x00);/* ç¦æ­¢ä¸­æ–­äº‹ä»¶8,æŽ
             -¥æ”¶å®Œæˆä¸­æ–­ */
                  }
              }
              #endif
 391          
 392          void ML7345_GPIO0TxDoneInt_Enable(void)
 393          {
 394   1          //ML7345_TRX_Int_Config(ADDR_GPIO0_CTRL,RF_TxDone_Int,1);
 395   1          ML7345_Write_Reg(ADDR_BANK_SEL,BANK0_SEL);
 396   1          ML7345_Write_Reg(ADDR_GPIO0_CTRL,GPIO_INTOUTPUT_ENABLE);
 397   1          ML7345_Write_Reg(ADDR_INT_EN_GRP3,0x01);    /* ä½¿èƒ½ä¸­æ–­äº‹ä»¶16,å‘é€å®Œæˆä¸­æ–­ */
 398   1      }/*
 399          void ML7345_GPIO0RxDoneInt_Enable(void)
 400          {
 401              ML7345_Write_Reg(ADDR_BANK_SEL,BANK0_SEL);
 402              //ML7345_TRX_Int_Config(ADDR_GPIO0_CTRL,RF_RxDone_Int,1);
 403              ML7345_Write_Reg(ADDR_GPIO0_CTRL,GPIO_INTOUTPUT_ENABLE);
 404              ML7345_Write_Reg(ADDR_INT_EN_GRP2,0x21);    // 0x21:ä½¿èƒ½ä¸­æ–­äº‹ä»¶8/13,æŽ¥æ”¶å®Œæˆä¸­æ–­/åŒæ­¥å­
             -—æ£€æµ‹ä¸­æ–­
 405          }*/
 406          /*
 407          void ML7345_GPIO1TxDoneInt_Enable(void)
 408          {
 409              ML7345_TRX_Int_Config(ADDR_GPIO1_CTRL,RF_TxDone_Int,1);
 410          }
 411          void ML7345_GPIO1TxDoneInt_Disable(void)
 412          {
 413              ML7345_TRX_Int_Config(ADDR_GPIO1_CTRL,RF_TxDone_Int,0);
 414          }
 415          
 416          void ML7345_GPIO1RxDoneInt_Enable(void)
 417          {
 418              ML7345_TRX_Int_Config(ADDR_GPIO1_CTRL,RF_RxDone_Int,1);
 419          }
 420          void ML7345_GPIO1RxDoneInt_Disable(void)
C51 COMPILER V9.60.0.0   ML7345_HAL                                                        03/28/2022 17:38:20 PAGE 8   

 421          {
 422              ML7345_TRX_Int_Config(ADDR_GPIO1_CTRL,RF_RxDone_Int,0);
 423          }
 424          
 425          void ML7345_GPIO2TxDoneInt_Enable(void)
 426          {
 427              ML7345_TRX_Int_Config(ADDR_GPIO2_CTRL,RF_TxDone_Int,1);
 428          }
 429          void ML7345_GPIO2TxDoneInt_Disable(void)
 430          {
 431              ML7345_TRX_Int_Config(ADDR_GPIO2_CTRL,RF_TxDone_Int,0);
 432          }
 433          
 434          void ML7345_GPIO2RxDoneInt_Enable(void)
 435          {
 436              ML7345_TRX_Int_Config(ADDR_GPIO2_CTRL,RF_RxDone_Int,1);
 437          }
 438          void ML7345_GPIO2RxDoneInt_Disable(void)
 439          {
 440              ML7345_TRX_Int_Config(ADDR_GPIO2_CTRL,RF_RxDone_Int,0);
 441          }
 442          */
 443          
 444          /*
 445          Function: Transmit Power Setting
 446          Parameter: Frequency
 447          Return: Null
 448          *//*
 449          void ML7345_TransmitPower_Set(TransmitPower_ENUM Power)
 450          {
 451              if(ML7345_SetAndGet_State(Get_Sta) != TRX_OFF)
 452                  ML7345_SetAndGet_State(TRX_OFF);
 453              ML7345_Write_Reg(ADDR_BANK_SEL,BANK0_SEL); // Bank0 Set 
 454              switch(Power)
 455              {
 456                  case Power_0dBm:
 457                      ML7345_Write_Reg(ADDR_PA_MODE,0x02);
 458                      ML7345_Write_Reg(ADDR_PA_REG_FINE_ADJ,0x10);
 459                      ML7345_Write_Reg(ADDR_PA_ADJ,0x00);
 460                      break;
 461                  case Power_1dBm:
 462                      ML7345_Write_Reg(ADDR_PA_MODE,0x03);
 463                      ML7345_Write_Reg(ADDR_PA_REG_FINE_ADJ,0x10);
 464                      ML7345_Write_Reg(ADDR_PA_ADJ,0x01);
 465                      break;
 466                  case Power_1_5dBm:
 467                      ML7345_Write_Reg(ADDR_PA_MODE,0x06);
 468                      ML7345_Write_Reg(ADDR_PA_REG_FINE_ADJ,0x10);
 469                      ML7345_Write_Reg(ADDR_PA_ADJ,0x01);
 470                      break;
 471                  case Power_2dBm:
 472                      ML7345_Write_Reg(ADDR_PA_MODE,0x07);
 473                      ML7345_Write_Reg(ADDR_PA_REG_FINE_ADJ,0x10);
 474                      ML7345_Write_Reg(ADDR_PA_ADJ,0x01);
 475                      break;
 476                  case Power_3dBm:
 477                      ML7345_Write_Reg(ADDR_PA_MODE,0x06);
 478                      ML7345_Write_Reg(ADDR_PA_REG_FINE_ADJ,0x10);
 479                      ML7345_Write_Reg(ADDR_PA_ADJ,0x03);
 480                      break;
 481                  case Power_4dBm:
 482                      ML7345_Write_Reg(ADDR_PA_MODE,0x07);
C51 COMPILER V9.60.0.0   ML7345_HAL                                                        03/28/2022 17:38:20 PAGE 9   

 483                      ML7345_Write_Reg(ADDR_PA_REG_FINE_ADJ,0x10);
 484                      ML7345_Write_Reg(ADDR_PA_ADJ,0x04);
 485                      break;
 486                  case Power_5dBm:
 487                      ML7345_Write_Reg(ADDR_PA_MODE,0x07);
 488                      ML7345_Write_Reg(ADDR_PA_REG_FINE_ADJ,0x10);
 489                      ML7345_Write_Reg(ADDR_PA_ADJ,0x06);
 490                      break;
 491                  case Power_6dBm:
 492                      ML7345_Write_Reg(ADDR_PA_MODE,0x06);
 493                      ML7345_Write_Reg(ADDR_PA_REG_FINE_ADJ,0x10);
 494                      ML7345_Write_Reg(ADDR_PA_ADJ,0x09);
 495                      break;
 496                  case Power_7dBm:
 497                      ML7345_Write_Reg(ADDR_PA_MODE,0x07);
 498                      ML7345_Write_Reg(ADDR_PA_REG_FINE_ADJ,0x10);
 499                      ML7345_Write_Reg(ADDR_PA_ADJ,0x0B);
 500                      break;
 501                  case Power_8dBm:
 502                      ML7345_Write_Reg(ADDR_PA_MODE,0x13);
 503                      ML7345_Write_Reg(ADDR_PA_REG_FINE_ADJ,0x10);
 504                      ML7345_Write_Reg(ADDR_PA_ADJ,0x00);
 505                      break;
 506                  case Power_9dBm:
 507                      ML7345_Write_Reg(ADDR_PA_MODE,0x16);
 508                      ML7345_Write_Reg(ADDR_PA_REG_FINE_ADJ,0x10);
 509                      ML7345_Write_Reg(ADDR_PA_ADJ,0x00);
 510                      break;
 511                  case Power_10dBm:
 512                      ML7345_Write_Reg(ADDR_PA_MODE,0x15);
 513                      ML7345_Write_Reg(ADDR_PA_REG_FINE_ADJ,0x10);
 514                      ML7345_Write_Reg(ADDR_PA_ADJ,0x01);
 515                      break;
 516                  case Power_11dBm:
 517                      ML7345_Write_Reg(ADDR_PA_MODE,0x16);
 518                      ML7345_Write_Reg(ADDR_PA_REG_FINE_ADJ,0x10);
 519                      ML7345_Write_Reg(ADDR_PA_ADJ,0x02);
 520                      break;
 521                  case Power_12dBm:
 522                      ML7345_Write_Reg(ADDR_PA_MODE,0x16);
 523                      ML7345_Write_Reg(ADDR_PA_REG_FINE_ADJ,0x10);
 524                      ML7345_Write_Reg(ADDR_PA_ADJ,0x03);
 525                      break;
 526                  case Power_13dBm:
 527                      ML7345_Write_Reg(ADDR_PA_MODE,0x15);
 528                      ML7345_Write_Reg(ADDR_PA_REG_FINE_ADJ,0x10);
 529                      ML7345_Write_Reg(ADDR_PA_ADJ,0x05);
 530                      break;
 531                  default:
 532                      break;
 533              }
 534          }*/
 535          
 536          /*
 537          Function: Read receive packet
 538          Parameter: pbuf: RX buffer; len: Read length,No more than 64 bytes
 539          Return: Null
 540          *//*
 541          void ML7345_ReadRx_Pack(u8 *pbuf,u8 len)
 542          {
 543              if(len > 64)    len = 64;
 544              ML7345_Write_Reg(ADDR_BANK_SEL,BANK0_SEL);
C51 COMPILER V9.60.0.0   ML7345_HAL                                                        03/28/2022 17:38:20 PAGE 10  

 545              ML7345_Read_Fifo(ADDR_RD_FIFO,pbuf,len);
 546          }*/
 547          
 548          /*
 549          Function: send data
 550          Parameter: pbuf: data buffer; len: data length,No more than 64 bytes
 551          Return: Null
 552          */
 553          void ML7345_AutoTx_Data(u8 *pbuf,u8 len)
 554          {
 555   1          if(len > 64)    len = 64;
 556   1          //CG2214M6_USE_T;
 557   1          ML7345_Write_Reg(ADDR_BANK_SEL,BANK0_SEL);  //set bank0
 558   1          ML7345_Write_Reg(ADDR_TX_PKT_LEN_L,len);    //å‘é€åŒ…é•¿åº¦ä½Žå…«ä½
 559   1          ML7345_AutoStateTransition_Set(AUTO_TX_EN);  //è®¾ç½®ä¸ºè‡ªåŠ¨å‘é€æ¨¡å¼
 560   1          ML7345_Write_Fifo(ADDR_WR_TX_FIFO,pbuf,len);
 561   1      }
 562          /*
 563          u8 RF_SyncWord_DONE(void)
 564          {
 565              idata u8 sync = 0;
 566              ML7345_Write_Reg(ADDR_BANK_SEL,BANK0_SEL);  //set bank0
 567              sync = ML7345_Read_Reg(ADDR_INT_SOURCE_GRP2);
 568              return sync;
 569          }*/
 570          
 571          void ML7345_Frequency_Calcul(u32 Freq,u8 *pbuf)  //å°†é¢‘çŽ‡è®¡ç®—ä¸ºML7345å¯„å­˜å™¨è®¾å®šå€¼,å­˜å…¥pbufä¸
             -­
 572          {
 573   1          xdata u8 integer = 0;
 574   1          xdata float f_dec = 0.0;
 575   1          xdata u32 cal_val = 0;
 576   1          integer = (u8)(Freq / FREQ_PLL);
 577   1          f_dec = ((float)(Freq / (float)FREQ_PLL) - integer);
 578   1          cal_val = (u32)(f_dec *  CONST_COEFF);
 579   1          pbuf[0] = integer;
 580   1          pbuf[1] = (cal_val >> 16) & 0xff;
 581   1          pbuf[2] = (cal_val >> 8) & 0xff;
 582   1          pbuf[3] = cal_val & 0xff;
 583   1      
 584   1          Freq = Freq - VCO_LowerLimit_FREQ;
 585   1          integer = (u8)(Freq / FREQ_PLL);
 586   1          f_dec = ((float)(Freq / (float)FREQ_PLL) - integer);
 587   1          cal_val = (u32)(f_dec *  CONST_COEFF);
 588   1          pbuf[4] = integer;
 589   1          pbuf[5] = (cal_val >> 16) & 0xff;
 590   1          pbuf[6] = (cal_val >> 8) & 0xff;
 591   1          pbuf[7] = cal_val & 0xff;
 592   1      }
 593          
 594          void SetReg_Rssi(void)
 595          {
 596   1          ML7345_Write_Reg(0x00,0x22);  //Bank 1
 597   1          ML7345_Write_Reg(0x07,0x5A);
 598   1          ML7345_Write_Reg(0x0C,0x8A);
 599   1          ML7345_Write_Reg(0x0D,0x26);
 600   1          ML7345_Write_Reg(0x10,0x03);
 601   1          ML7345_Write_Reg(0x15,0x83);
 602   1          ML7345_Write_Reg(0x00,0x11);  //Bank 0
 603   1      }
 604          
 605          /*
C51 COMPILER V9.60.0.0   ML7345_HAL                                                        03/28/2022 17:38:20 PAGE 11  

 606          void SetReg_RssiTest(void)
 607          {
 608              ML7345_Write_Reg(0x00,0x22);  //Bank 1
 609              ML7345_Write_Reg(0x07,0x5A);
 610              ML7345_Write_Reg(0x10,0x03);
 611              ML7345_Write_Reg(0x12,0x77);
 612              ML7345_Write_Reg(0x15,0x83);
 613          
 614              ML7345_Write_Reg(0x00,0x44);  //Bank 2
 615              ML7345_Write_Reg(0x09,0x09);
 616              ML7345_Write_Reg(0x0C,0x7D);
 617              ML7345_Write_Reg(0x0E,0x00);
 618              ML7345_Write_Reg(0x16,0x23);
 619              ML7345_Write_Reg(0x1C,0x23);
 620              ML7345_Write_Reg(0x2A,0x0F);
 621              ML7345_Write_Reg(0x4E,0x70);
 622          
 623              ML7345_Write_Reg(0x00,0x88);  //Bank 3
 624              ML7345_Write_Reg(0x31,0x00);
 625              ML7345_Write_Reg(0x32,0x00);
 626              ML7345_Write_Reg(0x33,0x00);
 627              ML7345_Write_Reg(0x34,0x00);
 628              ML7345_Write_Reg(0x35,0x00);
 629              ML7345_Write_Reg(0x36,0x00);
 630              ML7345_Write_Reg(0x37,0x00);
 631              ML7345_Write_Reg(0x38,0x00);
 632          
 633              ML7345_Write_Reg(0x00,0x11);  //Bank 0
 634          }*/


MODULE INFORMATION:   STATIC OVERLAYABLE
   CODE SIZE        =   1977    ----
   CONSTANT SIZE    =   ----    ----
   XDATA SIZE       =     12    ----
   PDATA SIZE       =   ----    ----
   DATA SIZE        =     18    ----
   IDATA SIZE       =   ----    ----
   BIT SIZE         =   ----    ----
END OF MODULE INFORMATION.


C51 COMPILATION COMPLETE.  0 WARNING(S),  0 ERROR(S)
