C51 COMPILER V9.60.0.0   RAM                                                               06/14/2022 09:10:21 PAGE 1   


C51 COMPILER V9.60.0.0, COMPILATION OF MODULE RAM
OBJECT MODULE PLACED IN .\Objects\ram.obj
COMPILER INVOKED BY: C:\Keil_v5\C51\BIN\C51.EXE user\src\ram.c OPTIMIZE(0,SPEED) BROWSE INCDIR(.\include;.\user\inc) DEB
                    -UG OBJECTEXTEND PRINT(.\Listings\ram.lst) OBJECT(.\Objects\ram.obj)

line level    source

   1          #include "Type.h"
   2          #include "ram.h"
   3          
   4          idata Mark_Un mark0_stu = {0};
   5          idata Mark_Un mark1_stu = {0};
   6          idata Mark_Un mark2_stu = {0};
   7          xdata Mark_Un Key_Sta = {0};
   8          xdata u8 channel = 0;
   9          xdata u16 time_adc = 0;
  10          
  11          xdata u8 write_flash_buffer[8] = {0};
  12          xdata u32 PROFILE_CH_FREQ_32bit_200002EC = 426075000ul;
  13          //xdata const u32 PROFILE_CH1_FREQ_32bit_429HighSpeed=429350000;//429350000;//429225000;
  14          //xdata const u32 PROFILE_CH2_FREQ_32bit_429HighSpeed=429550000;//429550000;//429237500;
  15          
  16          idata RAM_OP1 RAM_OP1_type = {0};
  17          idata RAM_OP2 RAM_OP2_type = {0};
  18          idata RAM_RegSW RAM_RegSW_type = {0};
  19          idata RAM_SW RAM_SW_type = {0};
  20          
  21          xdata u8 TB_51s = 0;
  22          xdata u8 TB_sum_5s = 0;
  23          
  24          
  25          //xdata u8  m_RFNormalBuf[35];
  26          xdata u8  m_RFNormalBuf[40] = {0};
  27          xdata uni_rom_id ID_data = {0};
  28          xdata uni_rom_id ID_data_add = {0};
  29          xdata u8 Control_code = 0;
  30          xdata u16 txphase = 0;
  31          xdata u8 txphase_Repeat = 0;
  32          xdata u8 ID_INT_CODE = 0;
  33          xdata u16 txphase_end = 0;
  34          
  35          xdata u16 TIME_BEEP_on = 0;
  36          xdata u8 TIME_BEEP_off = 0;
  37          xdata u16 BASE_TIME_BEEP_on = 0;
  38          xdata u8 BASE_TIME_BEEP_off = 0;
  39          xdata u8 TIME_BEEP_freq = 0;
  40          
  41          xdata u8 TB_976us = 0;
  42          xdata u8 TB_100ms = 0;
  43          xdata u8 TB_5s = 0;
  44          
  45          xdata u8 SIO_cnt = 0;
  46          xdata u8 SIO_buff[16] = {0};
  47          xdata u8 SIO_DATA[16] = {0};
  48          
  49          //xdata u16 BAT_value;
  50          
  51          
  52          xdata u8 m_KeyNew = 0;
  53          xdata u8 m_KindOfKey = 0;
  54          xdata u8 m_KeyOld = 0;
C51 COMPILER V9.60.0.0   RAM                                                               06/14/2022 09:10:21 PAGE 2   

  55          xdata u16 m_ChatterCount = 0;
  56          xdata u16 m_TimerKey = 0;
  57          xdata u8 m_KeyNo = 0;
  58          xdata u8 m_KeyOptSetMode = 0;
  59          xdata u8 m_KeyOpenCount = 0;
  60          xdata u8 m_KeyCloseCount = 0;
  61          xdata u16 m_KeyDupli1stTimer = 0;
  62          xdata u16 m_KeyDupliSetTimeout = 0;
  63          xdata u8 rom_KeyOpt = 0;
  64          xdata u16 time_led = 0;
  65          xdata u16 m_TimerKeyMonitor = 0;
  66          xdata u8 m_KeyCount = 0;
  67          xdata u8 m_RegMode = 0;
  68          xdata u8 m_RegID[9] = {0};
  69          xdata u8 m_RegDigit = 0;
  70          xdata u16 m_TimerRegMode = 0;
  71          
  72          xdata u8 AD_DATA_BUFF[2] = {0};         // A/D Buffers
  73          xdata u32 RAM_BAT_SUM = 0;
  74          xdata u16 RAM_BAT_AVG = 0;
  75          xdata u8 RAM_BAT_CNT = 0;
  76          xdata u8 BAT_out = 0;
  77          xdata u32 BAT_Voltage_value = 0;
  78          xdata u32 Adc_Value = 0;
  79          
  80          xdata u16 TIME_Once_twice_switch = 0;   //2015.1.31??4
  81          xdata u16 TIME_10s = 0;   //2015.1.31??3
  82          xdata u16 key_Value = 0;   //2015.1.31??3
  83          
  84          xdata u8 TIME_2s_RestTX = 0;  //2015.4.13??
  85          xdata u16 TIME_power_on_AD = 0;
  86          
  87          
  88          
  89          void _Init_RAM(void)
  90          {
  91   1        TB_100ms = BASE_100ms;
  92   1        //TB_5s=TB_50s;//50;
  93   1        TB_51s=26;//69;
  94   1        TB_5s=TB_51s-1;
  95   1        
  96   1              /*              Timer           */
  97   1                                                                      // General 1s timer
  98   1              
  99   1              /*              Key             */
 100   1              _SetKeyChatterCount() ;                                                                 // Chatter counter set
 101   1              m_KeyNew = m_KeyOld = d_KeyNoPush ;
 102   1              m_KindOfKey          = d_IdleKey ;
 103   1              //mb_Keycheck          = d_Clear ;
 104   1              mb_NoPush            = d_On ;
 105   1              mb_NoPushWait        = d_Clear ;
 106   1              _ClearSpecialMultiKeyState() ;
 107   1              m_TimerKey = d_Clear ;
 108   1              m_TimerKeyMonitor = d_Clear ;
 109   1          
 110   1          PIN_KEY_OPEN = 1;
 111   1          PIN_KEY_STOP = 1;
 112   1          PIN_KEY_CLOSE = 1;
 113   1          PIN_KEY_LOGIN = 1;
 114   1      }


C51 COMPILER V9.60.0.0   RAM                                                               06/14/2022 09:10:21 PAGE 3   

MODULE INFORMATION:   STATIC OVERLAYABLE
   CODE SIZE        =    137    ----
   CONSTANT SIZE    =   ----    ----
   XDATA SIZE       =    177    ----
   PDATA SIZE       =   ----    ----
   DATA SIZE        =   ----    ----
   IDATA SIZE       =      7    ----
   BIT SIZE         =   ----    ----
END OF MODULE INFORMATION.


C51 COMPILATION COMPLETE.  0 WARNING(S),  0 ERROR(S)
